<?xml version="1.0" encoding="UTF-8"?>
<!-- Generated by org.testng.reporters.JUnitXMLReporter -->
<testsuite hostname="US-NYC-WKS16116.globalservs.com" name="Login2" tests="3" failures="0" timestamp="6 Sep 2017 02:14:15 GMT" time="0.019" errors="0">
  <testcase name="@BeforeTest startReport" time="0.0" classname="com.excelhealth.mytest_cases.ExtentReportClass">
    <failure type="java.lang.NoClassDefFoundError" message="com/aventstack/extentreports/reporter/ExtentHtmlReporter">
      <![CDATA[java.lang.NoClassDefFoundError: com/aventstack/extentreports/reporter/ExtentHtmlReporter
	at com.excelhealth.mytest_cases.ExtentReportClass.startReport(ExtentReportClass.java:34)
	at org.apache.maven.surefire.testng.TestNGExecutor.run(TestNGExecutor.java:178)
	at org.apache.maven.surefire.testng.TestNGXmlTestSuite.execute(TestNGXmlTestSuite.java:92)
	at org.apache.maven.surefire.testng.TestNGProvider.invoke(TestNGProvider.java:96)
	at org.apache.maven.surefire.util.ReflectionUtils.invokeMethodWithArray(ReflectionUtils.java:189)
	at org.apache.maven.surefire.booter.ProviderFactory$ProviderProxy.invoke(ProviderFactory.java:165)
	at org.apache.maven.surefire.booter.ProviderFactory.invokeProvider(ProviderFactory.java:85)
	at org.apache.maven.surefire.booter.ForkedBooter.runSuitesInProcess(ForkedBooter.java:115)
	at org.apache.maven.surefire.booter.ForkedBooter.main(ForkedBooter.java:75)
Caused by: java.lang.ClassNotFoundException: com.aventstack.extentreports.reporter.ExtentHtmlReporter
	at java.net.URLClassLoader.findClass(URLClassLoader.java:381)
	at java.lang.ClassLoader.loadClass(ClassLoader.java:424)
	at sun.misc.Launcher$AppClassLoader.loadClass(Launcher.java:331)
	at java.lang.ClassLoader.loadClass(ClassLoader.java:357)
	... 32 more
... Removed 23 stack frames]]>
    </failure>
  </testcase> <!-- @BeforeTest startReport -->
  <testcase name="@AfterMethod getResult" time="0.0" classname="com.excelhealth.mytest_cases.ExtentReportClass">
    <skipped/>
  </testcase> <!-- @AfterMethod getResult -->
  <testcase name="@AfterMethod getResult" time="0.0" classname="com.excelhealth.mytest_cases.ExtentReportClass">
    <skipped/>
  </testcase> <!-- @AfterMethod getResult -->
  <testcase name="@AfterMethod getResult" time="0.0" classname="com.excelhealth.mytest_cases.ExtentReportClass">
    <skipped/>
  </testcase> <!-- @AfterMethod getResult -->
  <testcase name="@AfterTest endReport" time="0.0" classname="com.excelhealth.mytest_cases.ExtentReportClass">
    <skipped/>
  </testcase> <!-- @AfterTest endReport -->
  <testcase name="failTest" time="0.0" classname="com.excelhealth.mytest_cases.ExtentReportClass">
    <skipped/>
  </testcase> <!-- failTest -->
  <testcase name="passTest" time="0.0" classname="com.excelhealth.mytest_cases.ExtentReportClass">
    <skipped/>
  </testcase> <!-- passTest -->
  <testcase name="skipTest" time="0.0" classname="com.excelhealth.mytest_cases.ExtentReportClass">
    <skipped/>
  </testcase> <!-- skipTest -->
</testsuite> <!-- Login2 -->
