<?xml version="1.0" encoding="UTF-8"?>
<!-- Generated by org.testng.reporters.JUnitXMLReporter -->
<testsuite hostname="US-NYC-WKS16116.globalservs.com" name="Load JustPRBlog Pages - Windows - IE 11" tests="1" failures="1" timestamp="27 Aug 2016 20:57:53 GMT" time="154.249" errors="0">
  <testcase name="searchmeta" time="134.44" classname="AllPagesLocal">
    <failure type="java.lang.ArrayIndexOutOfBoundsException" message="129">
      <![CDATA[java.lang.ArrayIndexOutOfBoundsException: 129
	at jxl.read.biff.SheetImpl.getCell(SheetImpl.java:344)
	at AllPagesLocal.searchmeta(AllPagesLocal.java:111)
... Removed 24 stack frames]]>
    </failure>
  </testcase> <!-- searchmeta -->
</testsuite> <!-- Load JustPRBlog Pages - Windows - IE 11 -->
