<?xml version="1.0" encoding="UTF-8"?>
<!-- Generated by org.testng.reporters.JUnitXMLReporter -->
<testsuite hostname="US-NYC-WKS16116.globalservs.com" name="LoginPage" tests="6" failures="0" timestamp="22 Sep 2017 21:12:23 GMT" time="15.94" errors="0">
  <testcase name="passTest" time="0.009" classname="com.excelhealth.mytest_cases.LoginPage"/>
  <testcase name="skipTest" time="0.001" classname="com.excelhealth.mytest_cases.LoginPage">
    <skipped/>
  </testcase> <!-- skipTest -->
  <testcase name="testLogin" time="11.263" classname="com.excelhealth.mytest_cases.LoginPage"/>
  <testcase name="testAdd_task" time="1.846" classname="com.excelhealth.mytest_cases.LoginPage"/>
  <testcase name="testDelete_task" time="1.786" classname="com.excelhealth.mytest_cases.LoginPage"/>
  <testcase name="testLogout" time="0.246" classname="com.excelhealth.mytest_cases.LoginPage"/>
</testsuite> <!-- LoginPage -->
