<?xml version="1.0" encoding="UTF-8"?>
<testng-results skipped="1" failed="0" total="14" passed="13">
  <reporter-output>
    <line>
      <![CDATA[=========== Browser Session Started ===========]]>
    </line>
    <line>
      <![CDATA[=========== Application Started ==========]]>
    </line>
  </reporter-output>
  <suite name="Suite - Login Test Cases" duration-ms="19870" started-at="2017-09-22T20:57:38Z" finished-at="2017-09-22T20:57:58Z">
    <groups>
    </groups>
    <test name="LoginPage" duration-ms="15618" started-at="2017-09-22T20:57:38Z" finished-at="2017-09-22T20:57:54Z">
      <class name="com.excelhealth.mytest_cases.LoginPage">
        <test-method status="PASS" signature="recording()[pri:0, instance:com.excelhealth.mytest_cases.LoginPage@5f375618]" name="recording" is-config="true" duration-ms="459" started-at="2017-09-22T16:57:38Z" finished-at="2017-09-22T16:57:39Z">
          <reporter-output>
          </reporter-output>
        </test-method> <!-- recording -->
        <test-method status="PASS" signature="startReport()[pri:0, instance:com.excelhealth.mytest_cases.LoginPage@5f375618]" name="startReport" is-config="true" duration-ms="60" started-at="2017-09-22T16:57:39Z" depends-on-methods="com.excelhealth.utilities.Video.recording" finished-at="2017-09-22T16:57:39Z">
          <reporter-output>
          </reporter-output>
        </test-method> <!-- startReport -->
        <test-method status="PASS" signature="passTest()[pri:0, instance:com.excelhealth.mytest_cases.LoginPage@5f375618]" name="passTest" duration-ms="8" started-at="2017-09-22T16:57:39Z" finished-at="2017-09-22T16:57:39Z">
          <reporter-output>
          </reporter-output>
        </test-method> <!-- passTest -->
        <test-method status="PASS" signature="getResult(org.testng.ITestResult)[pri:0, instance:com.excelhealth.mytest_cases.LoginPage@5f375618]" name="getResult" is-config="true" duration-ms="1" started-at="2017-09-22T16:57:39Z" finished-at="2017-09-22T16:57:39Z">
          <params>
            <param index="0">
              <value>
                <![CDATA[[TestResult name=passTest status=SUCCESS method=BaseClass.passTest()[pri:0, instance:com.excelhealth.mytest_cases.LoginPage@5f375618] output={null}]]]>
              </value>
            </param>
          </params>
          <reporter-output>
          </reporter-output>
        </test-method> <!-- getResult -->
        <test-method status="SKIP" signature="skipTest()[pri:0, instance:com.excelhealth.mytest_cases.LoginPage@5f375618]" name="skipTest" duration-ms="0" started-at="2017-09-22T16:57:39Z" finished-at="2017-09-22T16:57:39Z">
          <exception class="org.testng.SkipException">
            <message>
              <![CDATA[Skipping - This is not ready for testing ]]>
            </message>
            <full-stacktrace>
              <![CDATA[org.testng.SkipException: Skipping - This is not ready for testing 
	at com.excelhealth.mytest_cases.BaseClass.skipTest(BaseClass.java:115)
	at sun.reflect.NativeMethodAccessorImpl.invoke0(Native Method)
	at sun.reflect.NativeMethodAccessorImpl.invoke(NativeMethodAccessorImpl.java:62)
	at sun.reflect.DelegatingMethodAccessorImpl.invoke(DelegatingMethodAccessorImpl.java:43)
	at java.lang.reflect.Method.invoke(Method.java:498)
	at org.testng.internal.MethodInvocationHelper.invokeMethod(MethodInvocationHelper.java:80)
	at org.testng.internal.Invoker.invokeMethod(Invoker.java:714)
	at org.testng.internal.Invoker.invokeTestMethod(Invoker.java:901)
	at org.testng.internal.Invoker.invokeTestMethods(Invoker.java:1231)
	at org.testng.internal.TestMethodWorker.invokeTestMethods(TestMethodWorker.java:127)
	at org.testng.internal.TestMethodWorker.run(TestMethodWorker.java:111)
	at org.testng.TestRunner.privateRun(TestRunner.java:767)
	at org.testng.TestRunner.run(TestRunner.java:617)
	at org.testng.SuiteRunner.runTest(SuiteRunner.java:334)
	at org.testng.SuiteRunner.runSequentially(SuiteRunner.java:329)
	at org.testng.SuiteRunner.privateRun(SuiteRunner.java:291)
	at org.testng.SuiteRunner.run(SuiteRunner.java:240)
	at org.testng.SuiteRunnerWorker.runSuite(SuiteRunnerWorker.java:52)
	at org.testng.SuiteRunnerWorker.run(SuiteRunnerWorker.java:86)
	at org.testng.TestNG.runSuitesSequentially(TestNG.java:1198)
	at org.testng.TestNG.runSuitesLocally(TestNG.java:1123)
	at org.testng.TestNG.run(TestNG.java:1031)
	at org.apache.maven.surefire.testng.TestNGExecutor.run(TestNGExecutor.java:178)
	at org.apache.maven.surefire.testng.TestNGXmlTestSuite.execute(TestNGXmlTestSuite.java:92)
	at org.apache.maven.surefire.testng.TestNGProvider.invoke(TestNGProvider.java:96)
	at sun.reflect.NativeMethodAccessorImpl.invoke0(Native Method)
	at sun.reflect.NativeMethodAccessorImpl.invoke(NativeMethodAccessorImpl.java:62)
	at sun.reflect.DelegatingMethodAccessorImpl.invoke(DelegatingMethodAccessorImpl.java:43)
	at java.lang.reflect.Method.invoke(Method.java:498)
	at org.apache.maven.surefire.util.ReflectionUtils.invokeMethodWithArray(ReflectionUtils.java:189)
	at org.apache.maven.surefire.booter.ProviderFactory$ProviderProxy.invoke(ProviderFactory.java:165)
	at org.apache.maven.surefire.booter.ProviderFactory.invokeProvider(ProviderFactory.java:85)
	at org.apache.maven.surefire.booter.ForkedBooter.runSuitesInProcess(ForkedBooter.java:115)
	at org.apache.maven.surefire.booter.ForkedBooter.main(ForkedBooter.java:75)
]]>
            </full-stacktrace>
          </exception> <!-- org.testng.SkipException -->
          <reporter-output>
          </reporter-output>
        </test-method> <!-- skipTest -->
        <test-method status="PASS" signature="getResult(org.testng.ITestResult)[pri:0, instance:com.excelhealth.mytest_cases.LoginPage@5f375618]" name="getResult" is-config="true" duration-ms="0" started-at="2017-09-22T16:57:39Z" finished-at="2017-09-22T16:57:39Z">
          <params>
            <param index="0">
              <value>
                <![CDATA[[TestResult name=skipTest status=SKIP method=BaseClass.skipTest()[pri:0, instance:com.excelhealth.mytest_cases.LoginPage@5f375618] output={null}]]]>
              </value>
            </param>
          </params>
          <reporter-output>
          </reporter-output>
        </test-method> <!-- getResult -->
        <test-method status="PASS" signature="testLogin()[pri:0, instance:com.excelhealth.mytest_cases.LoginPage@5f375618]" name="testLogin" duration-ms="11282" started-at="2017-09-22T16:57:39Z" finished-at="2017-09-22T16:57:50Z">
          <reporter-output>
          </reporter-output>
        </test-method> <!-- testLogin -->
        <test-method status="PASS" signature="testAdd_task()[pri:0, instance:com.excelhealth.mytest_cases.LoginPage@5f375618]" name="testAdd_task" duration-ms="1918" started-at="2017-09-22T16:57:50Z" finished-at="2017-09-22T16:57:52Z">
          <reporter-output>
          </reporter-output>
        </test-method> <!-- testAdd_task -->
        <test-method status="PASS" signature="getResult(org.testng.ITestResult)[pri:0, instance:com.excelhealth.mytest_cases.LoginPage@5f375618]" name="getResult" is-config="true" duration-ms="0" started-at="2017-09-22T16:57:50Z" finished-at="2017-09-22T16:57:50Z">
          <params>
            <param index="0">
              <value>
                <![CDATA[[TestResult name=testLogin status=SUCCESS method=LoginPage.testLogin()[pri:0, instance:com.excelhealth.mytest_cases.LoginPage@5f375618] output={null}]]]>
              </value>
            </param>
          </params>
          <reporter-output>
          </reporter-output>
        </test-method> <!-- getResult -->
        <test-method status="PASS" signature="getResult(org.testng.ITestResult)[pri:0, instance:com.excelhealth.mytest_cases.LoginPage@5f375618]" name="getResult" is-config="true" duration-ms="0" started-at="2017-09-22T16:57:52Z" finished-at="2017-09-22T16:57:52Z">
          <params>
            <param index="0">
              <value>
                <![CDATA[[TestResult name=testAdd_task status=SUCCESS method=LoginPage.testAdd_task()[pri:0, instance:com.excelhealth.mytest_cases.LoginPage@5f375618] output={null}]]]>
              </value>
            </param>
          </params>
          <reporter-output>
          </reporter-output>
        </test-method> <!-- getResult -->
        <test-method status="PASS" signature="testDelete_task()[pri:0, instance:com.excelhealth.mytest_cases.LoginPage@5f375618]" name="testDelete_task" duration-ms="1314" started-at="2017-09-22T16:57:52Z" finished-at="2017-09-22T16:57:53Z">
          <reporter-output>
          </reporter-output>
        </test-method> <!-- testDelete_task -->
        <test-method status="PASS" signature="getResult(org.testng.ITestResult)[pri:0, instance:com.excelhealth.mytest_cases.LoginPage@5f375618]" name="getResult" is-config="true" duration-ms="0" started-at="2017-09-22T16:57:53Z" finished-at="2017-09-22T16:57:53Z">
          <params>
            <param index="0">
              <value>
                <![CDATA[[TestResult name=testDelete_task status=SUCCESS method=LoginPage.testDelete_task()[pri:0, instance:com.excelhealth.mytest_cases.LoginPage@5f375618] output={null}]]]>
              </value>
            </param>
          </params>
          <reporter-output>
          </reporter-output>
        </test-method> <!-- getResult -->
        <test-method status="PASS" signature="testLogout()[pri:0, instance:com.excelhealth.mytest_cases.LoginPage@5f375618]" name="testLogout" duration-ms="223" started-at="2017-09-22T16:57:53Z" finished-at="2017-09-22T16:57:53Z">
          <reporter-output>
          </reporter-output>
        </test-method> <!-- testLogout -->
        <test-method status="PASS" signature="tearDown()[pri:0, instance:com.excelhealth.mytest_cases.LoginPage@5f375618]" name="tearDown" is-config="true" duration-ms="77" started-at="2017-09-22T16:57:53Z" finished-at="2017-09-22T16:57:54Z">
          <reporter-output>
          </reporter-output>
        </test-method> <!-- tearDown -->
        <test-method status="PASS" signature="getResult(org.testng.ITestResult)[pri:0, instance:com.excelhealth.mytest_cases.LoginPage@5f375618]" name="getResult" is-config="true" duration-ms="0" started-at="2017-09-22T16:57:53Z" finished-at="2017-09-22T16:57:53Z">
          <params>
            <param index="0">
              <value>
                <![CDATA[[TestResult name=testLogout status=SUCCESS method=LoginPage.testLogout()[pri:0, instance:com.excelhealth.mytest_cases.LoginPage@5f375618] output={null}]]]>
              </value>
            </param>
          </params>
          <reporter-output>
          </reporter-output>
        </test-method> <!-- getResult -->
        <test-method status="PASS" signature="endReport()[pri:0, instance:com.excelhealth.mytest_cases.LoginPage@5f375618]" name="endReport" is-config="true" duration-ms="270" started-at="2017-09-22T16:57:54Z" depends-on-methods="com.excelhealth.mytest_cases.LoginPage.tearDown" finished-at="2017-09-22T16:57:54Z">
          <reporter-output>
          </reporter-output>
        </test-method> <!-- endReport -->
      </class> <!-- com.excelhealth.mytest_cases.LoginPage -->
    </test> <!-- LoginPage -->
    <test name="Invalid Login" duration-ms="4243" started-at="2017-09-22T20:57:54Z" finished-at="2017-09-22T20:57:58Z">
      <class name="com.excelhealth.mytest_cases.LoginPage">
        <test-method status="PASS" signature="setupWebDriver()[pri:0, instance:com.excelhealth.mytest_cases.LoginPage@5f375618]" name="setupWebDriver" is-config="true" duration-ms="2725" started-at="2017-09-22T16:57:35Z" finished-at="2017-09-22T16:57:38Z">
          <reporter-output>
            <line>
              <![CDATA[=========== Browser Session Started ===========]]>
            </line>
            <line>
              <![CDATA[=========== Application Started ==========]]>
            </line>
          </reporter-output>
        </test-method> <!-- setupWebDriver -->
      </class> <!-- com.excelhealth.mytest_cases.LoginPage -->
      <class name="com.excelhealth.datadriven.InvalidLogin">
        <test-method status="PASS" signature="setUp()[pri:0, instance:com.excelhealth.datadriven.InvalidLogin@39aeed2f]" name="setUp" is-config="true" duration-ms="1657" started-at="2017-09-22T16:57:54Z" finished-at="2017-09-22T16:57:55Z">
          <reporter-output>
          </reporter-output>
        </test-method> <!-- setUp -->
        <test-method status="PASS" signature="testUsingExcel(java.lang.String, java.lang.String)[pri:0, instance:com.excelhealth.datadriven.InvalidLogin@39aeed2f]" name="testUsingExcel" duration-ms="425" started-at="2017-09-22T16:57:55Z" data-provider="loginData" finished-at="2017-09-22T16:57:56Z">
          <params>
            <param index="0">
              <value>
                <![CDATA[test@email.com]]>
              </value>
            </param>
            <param index="1">
              <value>
                <![CDATA[test]]>
              </value>
            </param>
          </params>
          <reporter-output>
          </reporter-output>
        </test-method> <!-- testUsingExcel -->
        <test-method status="PASS" signature="testUsingExcel(java.lang.String, java.lang.String)[pri:0, instance:com.excelhealth.datadriven.InvalidLogin@39aeed2f]" name="testUsingExcel" duration-ms="297" started-at="2017-09-22T16:57:56Z" data-provider="loginData" finished-at="2017-09-22T16:57:56Z">
          <params>
            <param index="0">
              <value>
                <![CDATA[email@email.com]]>
              </value>
            </param>
            <param index="1">
              <value>
                <![CDATA[test]]>
              </value>
            </param>
          </params>
          <reporter-output>
          </reporter-output>
        </test-method> <!-- testUsingExcel -->
        <test-method status="PASS" signature="testUsingExcel(java.lang.String, java.lang.String)[pri:0, instance:com.excelhealth.datadriven.InvalidLogin@39aeed2f]" name="testUsingExcel" duration-ms="288" started-at="2017-09-22T16:57:56Z" data-provider="loginData" finished-at="2017-09-22T16:57:57Z">
          <params>
            <param index="0">
              <value>
                <![CDATA[email@email.com]]>
              </value>
            </param>
            <param index="1">
              <value>
                <![CDATA[test]]>
              </value>
            </param>
          </params>
          <reporter-output>
          </reporter-output>
        </test-method> <!-- testUsingExcel -->
        <test-method status="PASS" signature="testUsingExcel(java.lang.String, java.lang.String)[pri:0, instance:com.excelhealth.datadriven.InvalidLogin@39aeed2f]" name="testUsingExcel" duration-ms="261" started-at="2017-09-22T16:57:57Z" data-provider="loginData" finished-at="2017-09-22T16:57:57Z">
          <params>
            <param index="0">
              <value>
                <![CDATA[email@email.com]]>
              </value>
            </param>
            <param index="1">
              <value>
                <![CDATA[test]]>
              </value>
            </param>
          </params>
          <reporter-output>
          </reporter-output>
        </test-method> <!-- testUsingExcel -->
        <test-method status="PASS" signature="testUsingExcel(java.lang.String, java.lang.String)[pri:0, instance:com.excelhealth.datadriven.InvalidLogin@39aeed2f]" name="testUsingExcel" duration-ms="307" started-at="2017-09-22T16:57:57Z" data-provider="loginData" finished-at="2017-09-22T16:57:57Z">
          <params>
            <param index="0">
              <value>
                <![CDATA[email@email.com]]>
              </value>
            </param>
            <param index="1">
              <value>
                <![CDATA[test]]>
              </value>
            </param>
          </params>
          <reporter-output>
          </reporter-output>
        </test-method> <!-- testUsingExcel -->
        <test-method status="PASS" signature="testUsingExcel(java.lang.String, java.lang.String)[pri:0, instance:com.excelhealth.datadriven.InvalidLogin@39aeed2f]" name="testUsingExcel" duration-ms="298" started-at="2017-09-22T16:57:57Z" data-provider="loginData" finished-at="2017-09-22T16:57:57Z">
          <params>
            <param index="0">
              <value>
                <![CDATA[emfdsail@email.com]]>
              </value>
            </param>
            <param index="1">
              <value>
                <![CDATA[test]]>
              </value>
            </param>
          </params>
          <reporter-output>
          </reporter-output>
        </test-method> <!-- testUsingExcel -->
        <test-method status="PASS" signature="testUsingExcel(java.lang.String, java.lang.String)[pri:0, instance:com.excelhealth.datadriven.InvalidLogin@39aeed2f]" name="testUsingExcel" duration-ms="282" started-at="2017-09-22T16:57:57Z" data-provider="loginData" finished-at="2017-09-22T16:57:58Z">
          <params>
            <param index="0">
              <value>
                <![CDATA[email@email.com]]>
              </value>
            </param>
            <param index="1">
              <value>
                <![CDATA[test]]>
              </value>
            </param>
          </params>
          <reporter-output>
          </reporter-output>
        </test-method> <!-- testUsingExcel -->
        <test-method status="PASS" signature="testUsingExcel(java.lang.String, java.lang.String)[pri:0, instance:com.excelhealth.datadriven.InvalidLogin@39aeed2f]" name="testUsingExcel" duration-ms="292" started-at="2017-09-22T16:57:58Z" data-provider="loginData" finished-at="2017-09-22T16:57:58Z">
          <params>
            <param index="0">
              <value>
                <![CDATA[email@email.com]]>
              </value>
            </param>
            <param index="1">
              <value>
                <![CDATA[test]]>
              </value>
            </param>
          </params>
          <reporter-output>
          </reporter-output>
        </test-method> <!-- testUsingExcel -->
        <test-method status="PASS" signature="tearDown()[pri:0, instance:com.excelhealth.datadriven.InvalidLogin@39aeed2f]" name="tearDown" is-config="true" duration-ms="122" started-at="2017-09-22T16:57:58Z" finished-at="2017-09-22T16:57:58Z">
          <reporter-output>
          </reporter-output>
        </test-method> <!-- tearDown -->
      </class> <!-- com.excelhealth.datadriven.InvalidLogin -->
    </test> <!-- Invalid Login -->
  </suite> <!-- Suite - Login Test Cases -->
</testng-results>
