<?xml version="1.0" encoding="UTF-8"?>
<testng-results skipped="3" failed="0" total="4" passed="1">
  <reporter-output>
    <line>
      <![CDATA[=========== This is a test to see if my classes are running ===========]]>
    </line>
    <line>
      <![CDATA[====== SUCCESS =====]]>
    </line>
    <line>
      <![CDATA[=========== Test is complete ===========]]>
    </line>
  </reporter-output>
  <suite name="Suite - General1 " duration-ms="161" started-at="2017-09-06T02:14:15Z" finished-at="2017-09-06T02:14:15Z">
    <groups>
    </groups>
    <test name="Login2" duration-ms="19" started-at="2017-09-06T02:14:15Z" finished-at="2017-09-06T02:14:15Z">
      <class name="com.excelhealth.mytest_cases.ExtentReportClass">
        <test-method status="FAIL" signature="startReport()[pri:0, instance:com.excelhealth.mytest_cases.ExtentReportClass@3551a94]" name="startReport" is-config="true" duration-ms="0" started-at="2017-09-05T22:14:15Z" finished-at="2017-09-05T22:14:15Z">
          <exception class="java.lang.NoClassDefFoundError">
            <message>
              <![CDATA[com/aventstack/extentreports/reporter/ExtentHtmlReporter]]>
            </message>
            <full-stacktrace>
              <![CDATA[java.lang.NoClassDefFoundError: com/aventstack/extentreports/reporter/ExtentHtmlReporter
	at com.excelhealth.mytest_cases.ExtentReportClass.startReport(ExtentReportClass.java:34)
	at sun.reflect.NativeMethodAccessorImpl.invoke0(Native Method)
	at sun.reflect.NativeMethodAccessorImpl.invoke(NativeMethodAccessorImpl.java:62)
	at sun.reflect.DelegatingMethodAccessorImpl.invoke(DelegatingMethodAccessorImpl.java:43)
	at java.lang.reflect.Method.invoke(Method.java:498)
	at org.testng.internal.MethodInvocationHelper.invokeMethod(MethodInvocationHelper.java:80)
	at org.testng.internal.Invoker.invokeConfigurationMethod(Invoker.java:564)
	at org.testng.internal.Invoker.invokeConfigurations(Invoker.java:213)
	at org.testng.internal.Invoker.invokeConfigurations(Invoker.java:138)
	at org.testng.TestRunner.beforeRun(TestRunner.java:641)
	at org.testng.TestRunner.run(TestRunner.java:609)
	at org.testng.SuiteRunner.runTest(SuiteRunner.java:334)
	at org.testng.SuiteRunner.runSequentially(SuiteRunner.java:329)
	at org.testng.SuiteRunner.privateRun(SuiteRunner.java:291)
	at org.testng.SuiteRunner.run(SuiteRunner.java:240)
	at org.testng.SuiteRunnerWorker.runSuite(SuiteRunnerWorker.java:52)
	at org.testng.SuiteRunnerWorker.run(SuiteRunnerWorker.java:86)
	at org.testng.TestNG.runSuitesSequentially(TestNG.java:1198)
	at org.testng.TestNG.runSuitesLocally(TestNG.java:1123)
	at org.testng.TestNG.run(TestNG.java:1031)
	at org.apache.maven.surefire.testng.TestNGExecutor.run(TestNGExecutor.java:178)
	at org.apache.maven.surefire.testng.TestNGXmlTestSuite.execute(TestNGXmlTestSuite.java:92)
	at org.apache.maven.surefire.testng.TestNGProvider.invoke(TestNGProvider.java:96)
	at sun.reflect.NativeMethodAccessorImpl.invoke0(Native Method)
	at sun.reflect.NativeMethodAccessorImpl.invoke(NativeMethodAccessorImpl.java:62)
	at sun.reflect.DelegatingMethodAccessorImpl.invoke(DelegatingMethodAccessorImpl.java:43)
	at java.lang.reflect.Method.invoke(Method.java:498)
	at org.apache.maven.surefire.util.ReflectionUtils.invokeMethodWithArray(ReflectionUtils.java:189)
	at org.apache.maven.surefire.booter.ProviderFactory$ProviderProxy.invoke(ProviderFactory.java:165)
	at org.apache.maven.surefire.booter.ProviderFactory.invokeProvider(ProviderFactory.java:85)
	at org.apache.maven.surefire.booter.ForkedBooter.runSuitesInProcess(ForkedBooter.java:115)
	at org.apache.maven.surefire.booter.ForkedBooter.main(ForkedBooter.java:75)
Caused by: java.lang.ClassNotFoundException: com.aventstack.extentreports.reporter.ExtentHtmlReporter
	at java.net.URLClassLoader.findClass(URLClassLoader.java:381)
	at java.lang.ClassLoader.loadClass(ClassLoader.java:424)
	at sun.misc.Launcher$AppClassLoader.loadClass(Launcher.java:331)
	at java.lang.ClassLoader.loadClass(ClassLoader.java:357)
	... 32 more
]]>
            </full-stacktrace>
          </exception> <!-- java.lang.NoClassDefFoundError -->
          <reporter-output>
          </reporter-output>
        </test-method> <!-- startReport -->
        <test-method status="SKIP" signature="getResult(org.testng.ITestResult)[pri:0, instance:com.excelhealth.mytest_cases.ExtentReportClass@3551a94]" name="getResult" is-config="true" duration-ms="0" started-at="2017-09-05T22:14:15Z" finished-at="2017-09-05T22:14:15Z">
          <reporter-output>
          </reporter-output>
        </test-method> <!-- getResult -->
        <test-method status="SKIP" signature="failTest()[pri:0, instance:com.excelhealth.mytest_cases.ExtentReportClass@3551a94]" name="failTest" duration-ms="0" started-at="2017-09-05T22:14:15Z" finished-at="2017-09-05T22:14:15Z">
          <reporter-output>
          </reporter-output>
        </test-method> <!-- failTest -->
        <test-method status="SKIP" signature="passTest()[pri:0, instance:com.excelhealth.mytest_cases.ExtentReportClass@3551a94]" name="passTest" duration-ms="0" started-at="2017-09-05T22:14:15Z" finished-at="2017-09-05T22:14:15Z">
          <reporter-output>
          </reporter-output>
        </test-method> <!-- passTest -->
        <test-method status="SKIP" signature="getResult(org.testng.ITestResult)[pri:0, instance:com.excelhealth.mytest_cases.ExtentReportClass@3551a94]" name="getResult" is-config="true" duration-ms="0" started-at="2017-09-05T22:14:15Z" finished-at="2017-09-05T22:14:15Z">
          <reporter-output>
          </reporter-output>
        </test-method> <!-- getResult -->
        <test-method status="SKIP" signature="getResult(org.testng.ITestResult)[pri:0, instance:com.excelhealth.mytest_cases.ExtentReportClass@3551a94]" name="getResult" is-config="true" duration-ms="0" started-at="2017-09-05T22:14:15Z" finished-at="2017-09-05T22:14:15Z">
          <reporter-output>
          </reporter-output>
        </test-method> <!-- getResult -->
        <test-method status="SKIP" signature="skipTest()[pri:0, instance:com.excelhealth.mytest_cases.ExtentReportClass@3551a94]" name="skipTest" duration-ms="0" started-at="2017-09-05T22:14:15Z" finished-at="2017-09-05T22:14:15Z">
          <reporter-output>
          </reporter-output>
        </test-method> <!-- skipTest -->
        <test-method status="SKIP" signature="endReport()[pri:0, instance:com.excelhealth.mytest_cases.ExtentReportClass@3551a94]" name="endReport" is-config="true" duration-ms="0" started-at="2017-09-05T22:14:15Z" finished-at="2017-09-05T22:14:15Z">
          <reporter-output>
          </reporter-output>
        </test-method> <!-- endReport -->
      </class> <!-- com.excelhealth.mytest_cases.ExtentReportClass -->
    </test> <!-- Login2 -->
    <test name="Login" duration-ms="2" started-at="2017-09-06T02:14:15Z" finished-at="2017-09-06T02:14:15Z">
      <class name="com.excelhealth.mytest_cases.TestMeNow">
        <test-method status="PASS" signature="PrintMe()[pri:0, instance:com.excelhealth.mytest_cases.TestMeNow@6a024a67]" name="PrintMe" duration-ms="1" started-at="2017-09-05T22:14:15Z" finished-at="2017-09-05T22:14:15Z">
          <reporter-output>
            <line>
              <![CDATA[=========== This is a test to see if my classes are running ===========]]>
            </line>
            <line>
              <![CDATA[====== SUCCESS =====]]>
            </line>
            <line>
              <![CDATA[=========== Test is complete ===========]]>
            </line>
          </reporter-output>
        </test-method> <!-- PrintMe -->
      </class> <!-- com.excelhealth.mytest_cases.TestMeNow -->
    </test> <!-- Login -->
  </suite> <!-- Suite - General1  -->
</testng-results>
