<?xml version="1.0" encoding="UTF-8"?>
<testng-results skipped="0" failed="0" total="1" passed="1">
  <reporter-output>
  </reporter-output>
  <suite name="Suite - General " duration-ms="16828" started-at="2016-09-23T18:54:34Z" finished-at="2016-09-23T18:54:50Z">
    <groups>
    </groups>
    <test name="CoffeeLogin" duration-ms="16828" started-at="2016-09-23T18:54:34Z" finished-at="2016-09-23T18:54:50Z">
      <class name="AllPages">
        <test-method status="PASS" signature="beforeClass(java.lang.String, java.lang.String, java.lang.String)[pri:0, instance:AllPages@3abbfa04]" name="beforeClass" is-config="true" duration-ms="5685" started-at="2016-09-23T14:54:34Z" finished-at="2016-09-23T14:54:39Z">
          <params>
            <param index="0">
              <value>
                <![CDATA[Chrome]]>
              </value>
            </param>
            <param index="1">
              <value>
                <![CDATA[50]]>
              </value>
            </param>
            <param index="2">
              <value>
                <![CDATA[MAC]]>
              </value>
            </param>
          </params>
          <reporter-output>
          </reporter-output>
        </test-method> <!-- beforeClass -->
        <test-method status="PASS" signature="laodthepage()[pri:0, instance:AllPages@3abbfa04]" name="laodthepage" duration-ms="11133" started-at="2016-09-23T14:54:39Z" finished-at="2016-09-23T14:54:50Z">
          <reporter-output>
          </reporter-output>
        </test-method> <!-- laodthepage -->
        <test-method status="PASS" signature="tearDown()[pri:0, instance:AllPages@3abbfa04]" name="tearDown" is-config="true" duration-ms="0" started-at="2016-09-23T14:54:50Z" finished-at="2016-09-23T14:54:50Z">
          <reporter-output>
          </reporter-output>
        </test-method> <!-- tearDown -->
      </class> <!-- AllPages -->
    </test> <!-- CoffeeLogin -->
  </suite> <!-- Suite - General  -->
</testng-results>
