<?xml version="1.0" encoding="UTF-8"?>
<!-- Generated by org.testng.reporters.JUnitXMLReporter -->
<testsuite hostname="US-NYC-WKS16116.globalservs.com" name="Add Favorite " tests="1" failures="1" timestamp="29 Aug 2017 14:05:59 GMT" time="9.504" errors="0">
  <testcase name="usercanaddfavorite" time="7.64" classname="example.AddFavorite">
    <failure type="java.lang.AssertionError" message="expected [Showing 1 to 5 of 5 entries (filtered from 316 total entries)
] but found [Showing 0 to 0 of 0 entries]">
      <![CDATA[java.lang.AssertionError: expected [Showing 1 to 5 of 5 entries (filtered from 316 total entries)
] but found [Showing 0 to 0 of 0 entries]
	at example.AddFavorite.usercanaddfavorite(AddFavorite.java:104)
	at org.apache.maven.surefire.testng.TestNGExecutor.run(TestNGExecutor.java:178)
	at org.apache.maven.surefire.testng.TestNGXmlTestSuite.execute(TestNGXmlTestSuite.java:92)
	at org.apache.maven.surefire.testng.TestNGProvider.invoke(TestNGProvider.java:96)
	at org.apache.maven.surefire.util.ReflectionUtils.invokeMethodWithArray(ReflectionUtils.java:189)
	at org.apache.maven.surefire.booter.ProviderFactory$ProviderProxy.invoke(ProviderFactory.java:165)
	at org.apache.maven.surefire.booter.ProviderFactory.invokeProvider(ProviderFactory.java:85)
	at org.apache.maven.surefire.booter.ForkedBooter.runSuitesInProcess(ForkedBooter.java:115)
	at org.apache.maven.surefire.booter.ForkedBooter.main(ForkedBooter.java:75)
... Removed 30 stack frames]]>
    </failure>
  </testcase> <!-- usercanaddfavorite -->
</testsuite> <!-- Add Favorite  -->
